d:\t163-term6\hooman-engine\directx\directx\gameenginedevelopment2_assignment1\gameenginedevelopment2_assignment1\x64\debug\vc142.pdb
d:\t163-term6\hooman-engine\directx\directx\gameenginedevelopment2_assignment1\gameenginedevelopment2_assignment1\x64\debug\vc142.idb
d:\t163-term6\hooman-engine\directx\directx\gameenginedevelopment2_assignment1\gameenginedevelopment2_assignment1\x64\debug\world.obj
d:\t163-term6\hooman-engine\directx\directx\gameenginedevelopment2_assignment1\gameenginedevelopment2_assignment1\x64\debug\main.obj
d:\t163-term6\hooman-engine\directx\directx\gameenginedevelopment2_assignment1\gameenginedevelopment2_assignment1\x64\debug\spritenode.obj
d:\t163-term6\hooman-engine\directx\directx\gameenginedevelopment2_assignment1\gameenginedevelopment2_assignment1\x64\debug\scenenode.obj
d:\t163-term6\hooman-engine\directx\directx\gameenginedevelopment2_assignment1\gameenginedevelopment2_assignment1\x64\debug\game.obj
d:\t163-term6\hooman-engine\directx\directx\gameenginedevelopment2_assignment1\gameenginedevelopment2_assignment1\x64\debug\frameresource.obj
d:\t163-term6\hooman-engine\directx\directx\gameenginedevelopment2_assignment1\gameenginedevelopment2_assignment1\x64\debug\entity.obj
d:\t163-term6\hooman-engine\directx\directx\gameenginedevelopment2_assignment1\gameenginedevelopment2_assignment1\x64\debug\aircraft.obj
d:\t163-term6\hooman-engine\directx\directx\gameenginedevelopment2_assignment1\gameenginedevelopment2_assignment1\x64\debug\mathhelper.obj
d:\t163-term6\hooman-engine\directx\directx\gameenginedevelopment2_assignment1\gameenginedevelopment2_assignment1\x64\debug\geometrygenerator.obj
d:\t163-term6\hooman-engine\directx\directx\gameenginedevelopment2_assignment1\gameenginedevelopment2_assignment1\x64\debug\gametimer.obj
d:\t163-term6\hooman-engine\directx\directx\gameenginedevelopment2_assignment1\gameenginedevelopment2_assignment1\x64\debug\ddstextureloader.obj
d:\t163-term6\hooman-engine\directx\directx\gameenginedevelopment2_assignment1\gameenginedevelopment2_assignment1\x64\debug\d3dutil.obj
d:\t163-term6\hooman-engine\directx\directx\gameenginedevelopment2_assignment1\gameenginedevelopment2_assignment1\x64\debug\d3dapp.obj
d:\t163-term6\hooman-engine\directx\directx\gameenginedevelopment2_assignment1\gameenginedevelopment2_assignment1\x64\debug\camera.obj
d:\t163-term6\hooman-engine\directx\directx\gameenginedevelopment2_assignment1\gameenginedevelopment2_assignment1\x64\debug\vc143.pdb
d:\t163-term6\hooman-engine\directx\directx\gameenginedevelopment2_assignment1\gameenginedevelopment2_assignment1\x64\debug\vc143.idb
d:\t163-term6\hooman-engine\directx\directx\gameenginedevelopment2_assignment1\x64\debug\gameenginedevelopment2_assignment1.exe
d:\t163-term6\hooman-engine\directx\directx\gameenginedevelopment2_assignment1\gameenginedevelopment2_assignment1\x64\debug\gameenginedevelopment2_assignment1.ilk
d:\t163-term6\hooman-engine\directx\directx\gameenginedevelopment2_assignment1\x64\debug\gameenginedevelopment2_assignment1.pdb
d:\t163-term6\hooman-engine\directx\directx\gameenginedevelopment2_assignment1\gameenginedevelopment2_assignment1\x64\debug\gameengi.e03c13b5.tlog\cl.read.1.tlog
d:\t163-term6\hooman-engine\directx\directx\gameenginedevelopment2_assignment1\gameenginedevelopment2_assignment1\x64\debug\gameengi.e03c13b5.tlog\cl.write.1.tlog
d:\t163-term6\hooman-engine\directx\directx\gameenginedevelopment2_assignment1\gameenginedevelopment2_assignment1\x64\debug\gameengi.e03c13b5.tlog\cl.command.1.tlog
d:\t163-term6\hooman-engine\directx\directx\gameenginedevelopment2_assignment1\gameenginedevelopment2_assignment1\x64\debug\gameengi.e03c13b5.tlog\link.read.1.tlog
d:\t163-term6\hooman-engine\directx\directx\gameenginedevelopment2_assignment1\gameenginedevelopment2_assignment1\x64\debug\gameengi.e03c13b5.tlog\link.write.1.tlog
d:\t163-term6\hooman-engine\directx\directx\gameenginedevelopment2_assignment1\gameenginedevelopment2_assignment1\x64\debug\gameengi.e03c13b5.tlog\link.command.1.tlog
